This is pdfTeX, Version 3.14159265-2.6-1.40.21 (TeX Live 2020/W32TeX) (preloaded format=pdflatex 2020.11.15)  15 NOV 2020 18:09
entering extended mode
 restricted \write18 enabled.
 %&-line parsing enabled.
**Investigacion.tex
(./Investigacion.tex
LaTeX2e <2020-10-01> patch level 2
L3 programming layer <2020-10-27> xparse <2020-03-03>
(d:/programas/texlive/2020/texmf-dist/tex/latex/base/article.cls
Document Class: article 2020/04/10 v1.4m Standard LaTeX document class
(d:/programas/texlive/2020/texmf-dist/tex/latex/base/size11.clo
File: size11.clo 2020/04/10 v1.4m Standard LaTeX file (size option)
)
\c@part=\count175
\c@section=\count176
\c@subsection=\count177
\c@subsubsection=\count178
\c@paragraph=\count179
\c@subparagraph=\count180
\c@figure=\count181
\c@table=\count182
\abovecaptionskip=\skip47
\belowcaptionskip=\skip48
\bibindent=\dimen138
)
(d:/programas/texlive/2020/texmf-dist/tex/generic/babel/babel.sty
Package: babel 2020/10/27 3.51 The Babel package

(d:/programas/texlive/2020/texmf-dist/tex/generic/babel/babel.def
File: babel.def 2020/10/27 3.51 Babel common definitions
\babel@savecnt=\count183
\U@D=\dimen139
\l@babelnohyphens=\language86

(d:/programas/texlive/2020/texmf-dist/tex/generic/babel/txtbabel.def)
\bbl@readstream=\read2
)
\bbl@dirlevel=\count184

(d:/programas/texlive/2020/texmf-dist/tex/generic/babel-spanish/spanish.ldf
Language: spanish.ldf 2016/03/03 v5.0p Spanish support from the babel system
\es@quottoks=\toks15
\es@quotdepth=\count185
Package babel Info: Making " an active character on input line 561.
Package babel Info: Making . an active character on input line 662.
Package babel Info: Making < an active character on input line 707.
Package babel Info: Making > an active character on input line 707.
))
(d:/programas/texlive/2020/texmf-dist/tex/latex/graphics/graphicx.sty
Package: graphicx 2020/09/09 v1.2b Enhanced LaTeX Graphics (DPC,SPQR)

(d:/programas/texlive/2020/texmf-dist/tex/latex/graphics/keyval.sty
Package: keyval 2014/10/28 v1.15 key=value parser (DPC)
\KV@toks@=\toks16
)
(d:/programas/texlive/2020/texmf-dist/tex/latex/graphics/graphics.sty
Package: graphics 2020/08/30 v1.4c Standard LaTeX Graphics (DPC,SPQR)

(d:/programas/texlive/2020/texmf-dist/tex/latex/graphics/trig.sty
Package: trig 2016/01/03 v1.10 sin cos tan (DPC)
)
(d:/programas/texlive/2020/texmf-dist/tex/latex/graphics-cfg/graphics.cfg
File: graphics.cfg 2016/06/04 v1.11 sample graphics configuration
)
Package graphics Info: Driver file: pdftex.def on input line 105.

(d:/programas/texlive/2020/texmf-dist/tex/latex/graphics-def/pdftex.def
File: pdftex.def 2020/10/05 v1.2a Graphics/color driver for pdftex
))
\Gin@req@height=\dimen140
\Gin@req@width=\dimen141
)
(d:/programas/texlive/2020/texmf-dist/tex/latex/l3backend/l3backend-pdftex.def
File: l3backend-pdftex.def 2020-09-24 L3 backend support: PDF output (pdfTeX)
\l__kernel_color_stack_int=\count186
\l__pdf_internal_box=\box47
) (./Investigacion.aux
LaTeX Info: Redefining \. on input line 8.
LaTeX Info: Redefining \% on input line 8.
)
\openout1 = `Investigacion.aux'.

LaTeX Font Info:    Checking defaults for OML/cmm/m/it on input line 14.
LaTeX Font Info:    ... okay on input line 14.
LaTeX Font Info:    Checking defaults for OMS/cmsy/m/n on input line 14.
LaTeX Font Info:    ... okay on input line 14.
LaTeX Font Info:    Checking defaults for OT1/cmr/m/n on input line 14.
LaTeX Font Info:    ... okay on input line 14.
LaTeX Font Info:    Checking defaults for T1/cmr/m/n on input line 14.
LaTeX Font Info:    ... okay on input line 14.
LaTeX Font Info:    Checking defaults for TS1/cmr/m/n on input line 14.
LaTeX Font Info:    ... okay on input line 14.
LaTeX Font Info:    Checking defaults for OMX/cmex/m/n on input line 14.
LaTeX Font Info:    ... okay on input line 14.
LaTeX Font Info:    Checking defaults for U/cmr/m/n on input line 14.
LaTeX Font Info:    ... okay on input line 14.
LaTeX Info: Redefining \. on input line 14.
LaTeX Info: Redefining \% on input line 14.

(d:/programas/texlive/2020/texmf-dist/tex/context/base/mkii/supp-pdf.mkii
[Loading MPS to PDF converter (version 2006.09.02).]
\scratchcounter=\count187
\scratchdimen=\dimen142
\scratchbox=\box48
\nofMPsegments=\count188
\nofMParguments=\count189
\everyMPshowfont=\toks17
\MPscratchCnt=\count190
\MPscratchDim=\dimen143
\MPnumerator=\count191
\makeMPintoPDFobject=\count192
\everyMPtoPDFconversion=\toks18
)
(d:/programas/texlive/2020/texmf-dist/tex/latex/epstopdf-pkg/epstopdf-base.sty
Package: epstopdf-base 2020-01-24 v2.11 Base part for package epstopdf
Package epstopdf-base Info: Redefining graphics rule for `.eps' on input line 4
85.

(d:/programas/texlive/2020/texmf-dist/tex/latex/latexconfig/epstopdf-sys.cfg
File: epstopdf-sys.cfg 2010/07/13 v1.3 Configuration of (r)epstopdf for TeX Liv
e
))
LaTeX Font Info:    External font `cmex10' loaded for size
(Font)              <12> on input line 16.
LaTeX Font Info:    External font `cmex10' loaded for size
(Font)              <8> on input line 16.
LaTeX Font Info:    External font `cmex10' loaded for size
(Font)              <6> on input line 16.

[1

{d:/programas/texlive/2020/texmf-var/fonts/map/pdftex/updmap/pdftex.map}]
[2] [3]
LaTeX Font Info:    Trying to load font information for OMS+cmr on input line 1
02.
 (d:/programas/texlive/2020/texmf-dist/tex/latex/base/omscmr.fd
File: omscmr.fd 2019/12/16 v2.5j Standard LaTeX font definitions
)
LaTeX Font Info:    Font shape `OMS/cmr/m/n' in size <10.95> not available
(Font)              Font shape `OMS/cmsy/m/n' tried instead on input line 102.

[4] [5] [6] [7]
LaTeX Font Info:    External font `cmex10' loaded for size
(Font)              <10.95> on input line 178.

Overfull \hbox (20.87827pt too wide) in paragraph at lines 183--185
\OT1/cmr/m/n/10.95 Este m^^Seto-do re-ci-be una ca-de-na con for-ma-to "Nom-bre
, Ape-lli-do, NoCuenta[]
 []

[8] [9] [10] [11] [12] [13] [14] [15] [16] [17] [18] [19] [20] [21] [22]
[23]
Underfull \hbox (badness 10000) in paragraph at lines 457--459
[]\OT1/cmr/m/sc/10.95 Harbour M.,Aldea,M.(2015)  \OT1/cmr/m/it/10.95 Pro-gra-ma
-ci^^Son en Len-
 []


Underfull \hbox (badness 10000) in paragraph at lines 457--459
\OT1/cmr/m/it/10.95 gua-je Ja-va. Te-ma 10.En-tra-da/Salida con fi-che-ros)\OT1
/cmr/m/n/10.95 ,
 []


Underfull \hbox (badness 10000) in paragraph at lines 457--459
\OT1/cmr/m/n/10.95 https://ocw.unican.es/pluginfile.php/293/course/section/228/
cap10-
 []

[24] (./Investigacion.aux
LaTeX Info: Redefining \. on input line 8.
LaTeX Info: Redefining \% on input line 8.
) ) 
Here is how much of TeX's memory you used:
 2385 strings out of 479485
 34573 string characters out of 5870959
 329544 words of memory out of 5000000
 19411 multiletter control sequences out of 15000+600000
 541247 words of font info for 49 fonts, out of 8000000 for 9000
 1141 hyphenation exceptions out of 8191
 66i,7n,72p,885b,361s stack positions out of 5000i,500n,10000p,200000b,80000s
{d:/programas/texlive/2020/texmf-dist/fonts/enc/dvips/cm-super/cm-super-ts1.
enc}<d:/programas/texlive/2020/texmf-dist/fonts/type1/public/amsfonts/cm/cmbx10
.pfb><d:/programas/texlive/2020/texmf-dist/fonts/type1/public/amsfonts/cm/cmbx1
2.pfb><d:/programas/texlive/2020/texmf-dist/fonts/type1/public/amsfonts/cm/cmcs
c10.pfb><d:/programas/texlive/2020/texmf-dist/fonts/type1/public/amsfonts/cm/cm
mi10.pfb><d:/programas/texlive/2020/texmf-dist/fonts/type1/public/amsfonts/cm/c
mr10.pfb><d:/programas/texlive/2020/texmf-dist/fonts/type1/public/amsfonts/cm/c
mr12.pfb><d:/programas/texlive/2020/texmf-dist/fonts/type1/public/amsfonts/cm/c
mr17.pfb><d:/programas/texlive/2020/texmf-dist/fonts/type1/public/amsfonts/cm/c
mr8.pfb><d:/programas/texlive/2020/texmf-dist/fonts/type1/public/amsfonts/cm/cm
sy10.pfb><d:/programas/texlive/2020/texmf-dist/fonts/type1/public/amsfonts/cm/c
mti10.pfb><d:/programas/texlive/2020/texmf-dist/fonts/type1/public/cm-super/sfr
m1095.pfb>
Output written on Investigacion.pdf (24 pages, 201258 bytes).
PDF statistics:
 126 PDF objects out of 1000 (max. 8388607)
 88 compressed objects within 1 object stream
 0 named destinations out of 1000 (max. 500000)
 1 words of extra memory for PDF output out of 10000 (max. 10000000)

